0 info it worked if it ends with ok
1 verbose cli [ 'node',
1 verbose cli   '/usr/local/bin/npm',
1 verbose cli   'install',
1 verbose cli   'https://github.com/popeketric/Ruby-IRC.git',
1 verbose cli   '--save' ]
2 info using npm@1.3.5
3 info using node@v0.10.15
4 verbose cache add [ 'https://github.com/popeketric/Ruby-IRC.git', null ]
5 verbose cache add name=undefined spec="https://github.com/popeketric/Ruby-IRC.git" args=["https://github.com/popeketric/Ruby-IRC.git",null]
6 verbose parsed url { protocol: 'https:',
6 verbose parsed url   slashes: true,
6 verbose parsed url   auth: null,
6 verbose parsed url   host: 'github.com',
6 verbose parsed url   port: null,
6 verbose parsed url   hostname: 'github.com',
6 verbose parsed url   hash: null,
6 verbose parsed url   search: null,
6 verbose parsed url   query: null,
6 verbose parsed url   pathname: '/popeketric/Ruby-IRC.git',
6 verbose parsed url   path: '/popeketric/Ruby-IRC.git',
6 verbose parsed url   href: 'https://github.com/popeketric/Ruby-IRC.git' }
7 silly lockFile 5b181bf1-thub-com-popeketric-Ruby-IRC-git https://github.com/popeketric/Ruby-IRC.git
8 verbose lock https://github.com/popeketric/Ruby-IRC.git /Users/Wildhoney/.npm/5b181bf1-thub-com-popeketric-Ruby-IRC-git.lock
9 verbose addRemoteTarball [ 'https://github.com/popeketric/Ruby-IRC.git', null ]
10 info retry fetch attempt 1 at 20:41:36
11 verbose fetch to= /Users/Wildhoney/tmp/npm-5744-7RbHLfQW/1376422896175-0.3299129360821098/tmp.tgz
12 http GET https://github.com/popeketric/Ruby-IRC.git
13 http 200 https://github.com/popeketric/Ruby-IRC.git
14 verbose tar unpack /Users/Wildhoney/tmp/npm-5744-7RbHLfQW/1376422896175-0.3299129360821098/tmp.tgz
15 silly lockFile cf41c9e0-96175-0-3299129360821098-package tar:///Users/Wildhoney/tmp/npm-5744-7RbHLfQW/1376422896175-0.3299129360821098/package
16 verbose lock tar:///Users/Wildhoney/tmp/npm-5744-7RbHLfQW/1376422896175-0.3299129360821098/package /Users/Wildhoney/.npm/cf41c9e0-96175-0-3299129360821098-package.lock
17 silly lockFile 9ae88452-96175-0-3299129360821098-tmp-tgz tar:///Users/Wildhoney/tmp/npm-5744-7RbHLfQW/1376422896175-0.3299129360821098/tmp.tgz
18 verbose lock tar:///Users/Wildhoney/tmp/npm-5744-7RbHLfQW/1376422896175-0.3299129360821098/tmp.tgz /Users/Wildhoney/.npm/9ae88452-96175-0-3299129360821098-tmp-tgz.lock
19 silly gunzTarPerm modes [ '755', '644' ]
20 error not a package /Users/Wildhoney/tmp/npm-5744-7RbHLfQW/1376422896175-0.3299129360821098/tmp.tgz
21 silly lockFile cf41c9e0-96175-0-3299129360821098-package tar:///Users/Wildhoney/tmp/npm-5744-7RbHLfQW/1376422896175-0.3299129360821098/package
22 silly lockFile cf41c9e0-96175-0-3299129360821098-package tar:///Users/Wildhoney/tmp/npm-5744-7RbHLfQW/1376422896175-0.3299129360821098/package
23 silly lockFile 9ae88452-96175-0-3299129360821098-tmp-tgz tar:///Users/Wildhoney/tmp/npm-5744-7RbHLfQW/1376422896175-0.3299129360821098/tmp.tgz
24 silly lockFile 9ae88452-96175-0-3299129360821098-tmp-tgz tar:///Users/Wildhoney/tmp/npm-5744-7RbHLfQW/1376422896175-0.3299129360821098/tmp.tgz
25 silly lockFile 5b181bf1-thub-com-popeketric-Ruby-IRC-git https://github.com/popeketric/Ruby-IRC.git
26 silly lockFile 5b181bf1-thub-com-popeketric-Ruby-IRC-git https://github.com/popeketric/Ruby-IRC.git
27 error Error: ENOENT, open '/Users/Wildhoney/tmp/npm-5744-7RbHLfQW/1376422896175-0.3299129360821098/package/package.json'
28 error If you need help, you may report this log at:
28 error     <http://github.com/isaacs/npm/issues>
28 error or email it to:
28 error     <npm-@googlegroups.com>
29 error System Darwin 12.4.0
30 error command "node" "/usr/local/bin/npm" "install" "https://github.com/popeketric/Ruby-IRC.git" "--save"
31 error cwd /Users/Wildhoney/Webroot/Banter.js
32 error node -v v0.10.15
33 error npm -v 1.3.5
34 error path /Users/Wildhoney/tmp/npm-5744-7RbHLfQW/1376422896175-0.3299129360821098/package/package.json
35 error code ENOENT
36 error errno 34
37 verbose exit [ 34, true ]
